# Logfile created on 2014-02-14 05:25:40 +0000 by logger.rb/36483
I, [2014-02-14T05:25:40.723456 #25153]  INFO -- : 0:  i18n (0.6.9) from /home/action/.rvm/gems/ruby-2.0.0-p195/specifications/i18n-0.6.9.gemspec
I, [2014-02-14T05:25:40.724142 #25153]  INFO -- : 0:  multi_json (1.8.4) from /home/action/.rvm/gems/ruby-2.0.0-p195/specifications/multi_json-1.8.4.gemspec
I, [2014-02-14T05:25:40.724542 #25153]  INFO -- : 0:  activesupport (3.2.16) from /home/action/.rvm/gems/ruby-2.0.0-p195/specifications/activesupport-3.2.16.gemspec
I, [2014-02-14T05:25:40.754038 #25153]  INFO -- : 0:  builder (3.0.4) from /home/action/.rvm/gems/ruby-2.0.0-p195/specifications/builder-3.0.4.gemspec
I, [2014-02-14T05:25:40.757329 #25153]  INFO -- : 0:  activemodel (3.2.16) from /home/action/.rvm/gems/ruby-2.0.0-p195/specifications/activemodel-3.2.16.gemspec
I, [2014-02-14T05:25:40.757750 #25153]  INFO -- : 0:  mini_portile (0.5.2) from /home/action/.rvm/gems/ruby-2.0.0-p195/specifications/mini_portile-0.5.2.gemspec
I, [2014-02-14T05:25:40.758160 #25153]  INFO -- : 0:  moped (1.5.2) from /home/action/.rvm/gems/ruby-2.0.0-p195/specifications/moped-1.5.2.gemspec
I, [2014-02-14T05:25:40.758562 #25153]  INFO -- : 0:  origin (1.1.0) from /home/action/.rvm/gems/ruby-2.0.0-p195/specifications/origin-1.1.0.gemspec
I, [2014-02-14T05:25:40.759679 #25153]  INFO -- : 0:  tzinfo (0.3.38) from /home/action/.rvm/gems/ruby-2.0.0-p195/specifications/tzinfo-0.3.38.gemspec
I, [2014-02-14T05:25:40.760067 #25153]  INFO -- : 0:  mongoid (3.1.6) from /home/action/.rvm/gems/ruby-2.0.0-p195/specifications/mongoid-3.1.6.gemspec
I, [2014-02-14T05:25:40.760454 #25153]  INFO -- : 0:  nokogiri (1.6.1) from /home/action/.rvm/gems/ruby-2.0.0-p195/specifications/nokogiri-1.6.1.gemspec
I, [2014-02-14T05:25:40.760847 #25153]  INFO -- : 0:  rack (1.5.2) from /home/action/.rvm/gems/ruby-2.0.0-p195/specifications/rack-1.5.2.gemspec
I, [2014-02-14T05:25:40.761242 #25153]  INFO -- : 0:  rack-protection (1.5.2) from /home/action/.rvm/gems/ruby-2.0.0-p195/specifications/rack-protection-1.5.2.gemspec
I, [2014-02-14T05:25:40.761632 #25153]  INFO -- : 0:  rubyzip (1.1.0) from /home/action/.rvm/gems/ruby-2.0.0-p195/specifications/rubyzip-1.1.0.gemspec
I, [2014-02-14T05:25:40.762021 #25153]  INFO -- : 0:  ruby-ole (1.2.11.7) from /home/action/.rvm/gems/ruby-2.0.0-p195/specifications/ruby-ole-1.2.11.7.gemspec
I, [2014-02-14T05:25:46.053244 #25153]  INFO -- : 0:  spreadsheet (0.9.7) from /home/action/.rvm/gems/ruby-2.0.0-p195/specifications/spreadsheet-0.9.7.gemspec
I, [2014-02-14T05:25:46.053839 #25153]  INFO -- : 0:  roo (1.13.2) from /home/action/.rvm/gems/ruby-2.0.0-p195/specifications/roo-1.13.2.gemspec
I, [2014-02-14T05:25:46.054252 #25153]  INFO -- : 0:  tilt (1.4.1) from /home/action/.rvm/gems/ruby-2.0.0-p195/specifications/tilt-1.4.1.gemspec
I, [2014-02-14T05:25:46.054639 #25153]  INFO -- : 0:  sinatra (1.4.4) from /home/action/.rvm/gems/ruby-2.0.0-p195/specifications/sinatra-1.4.4.gemspec
I, [2014-02-14T05:25:46.055018 #25153]  INFO -- : 0:  yajl-ruby (1.2.0) from /home/action/.rvm/gems/ruby-2.0.0-p195/specifications/yajl-ruby-1.2.0.gemspec
I, [2014-02-14T05:25:46.055382 #25153]  INFO -- : 0:  bundler (1.5.1) from /home/action/.rvm/gems/ruby-2.0.0-p195/specifications/bundler-1.5.1.gemspec
I, [2014-02-14T06:20:45.014749 #25295]  INFO -- : 0:  i18n (0.6.9) from /home/action/.rvm/gems/ruby-2.0.0-p195/specifications/i18n-0.6.9.gemspec
I, [2014-02-14T06:20:45.015305 #25295]  INFO -- : 0:  multi_json (1.8.4) from /home/action/.rvm/gems/ruby-2.0.0-p195/specifications/multi_json-1.8.4.gemspec
I, [2014-02-14T06:20:45.016456 #25295]  INFO -- : 0:  activesupport (3.2.16) from /home/action/.rvm/gems/ruby-2.0.0-p195/specifications/activesupport-3.2.16.gemspec
I, [2014-02-14T06:20:45.016903 #25295]  INFO -- : 0:  builder (3.0.4) from /home/action/.rvm/gems/ruby-2.0.0-p195/specifications/builder-3.0.4.gemspec
I, [2014-02-14T06:20:45.017323 #25295]  INFO -- : 0:  activemodel (3.2.16) from /home/action/.rvm/gems/ruby-2.0.0-p195/specifications/activemodel-3.2.16.gemspec
I, [2014-02-14T06:20:45.017733 #25295]  INFO -- : 0:  multipart-post (2.0.0) from /home/action/.rvm/gems/ruby-2.0.0-p195/specifications/multipart-post-2.0.0.gemspec
I, [2014-02-14T06:20:45.018186 #25295]  INFO -- : 0:  faraday (0.9.0) from /home/action/.rvm/gems/ruby-2.0.0-p195/specifications/faraday-0.9.0.gemspec
I, [2014-02-14T06:20:45.018604 #25295]  INFO -- : 0:  mini_portile (0.5.2) from /home/action/.rvm/gems/ruby-2.0.0-p195/specifications/mini_portile-0.5.2.gemspec
I, [2014-02-14T06:20:45.019018 #25295]  INFO -- : 0:  nokogiri (1.6.1) from /home/action/.rvm/gems/ruby-2.0.0-p195/specifications/nokogiri-1.6.1.gemspec
I, [2014-02-14T06:20:45.019426 #25295]  INFO -- : 0:  oauth (0.4.7) from /home/action/.rvm/gems/ruby-2.0.0-p195/specifications/oauth-0.4.7.gemspec
I, [2014-02-14T06:20:45.019833 #25295]  INFO -- : 0:  jwt (0.1.11) from /home/action/.rvm/gems/ruby-2.0.0-p195/specifications/jwt-0.1.11.gemspec
I, [2014-02-14T06:20:45.020240 #25295]  INFO -- : 0:  multi_xml (0.5.5) from /home/action/.rvm/gems/ruby-2.0.0-p195/specifications/multi_xml-0.5.5.gemspec
I, [2014-02-14T06:20:45.020637 #25295]  INFO -- : 0:  rack (1.5.2) from /home/action/.rvm/gems/ruby-2.0.0-p195/specifications/rack-1.5.2.gemspec
I, [2014-02-14T06:20:45.021040 #25295]  INFO -- : 0:  oauth2 (0.9.3) from /home/action/.rvm/gems/ruby-2.0.0-p195/specifications/oauth2-0.9.3.gemspec
I, [2014-02-14T06:20:45.021443 #25295]  INFO -- : 0:  google_drive (0.3.6) from /home/action/.rvm/gems/ruby-2.0.0-p195/specifications/google_drive-0.3.6.gemspec
I, [2014-02-14T06:20:45.021809 #25295]  INFO -- : 0:  moped (1.5.2) from /home/action/.rvm/gems/ruby-2.0.0-p195/specifications/moped-1.5.2.gemspec
I, [2014-02-14T06:20:45.022251 #25295]  INFO -- : 0:  origin (1.1.0) from /home/action/.rvm/gems/ruby-2.0.0-p195/specifications/origin-1.1.0.gemspec
I, [2014-02-14T06:20:45.022666 #25295]  INFO -- : 0:  tzinfo (0.3.38) from /home/action/.rvm/gems/ruby-2.0.0-p195/specifications/tzinfo-0.3.38.gemspec
I, [2014-02-14T06:20:45.023034 #25295]  INFO -- : 0:  mongoid (3.1.6) from /home/action/.rvm/gems/ruby-2.0.0-p195/specifications/mongoid-3.1.6.gemspec
I, [2014-02-14T06:20:45.023468 #25295]  INFO -- : 0:  rack-protection (1.5.2) from /home/action/.rvm/gems/ruby-2.0.0-p195/specifications/rack-protection-1.5.2.gemspec
I, [2014-02-14T06:20:45.023868 #25295]  INFO -- : 0:  rubyzip (1.1.0) from /home/action/.rvm/gems/ruby-2.0.0-p195/specifications/rubyzip-1.1.0.gemspec
I, [2014-02-14T06:20:45.024242 #25295]  INFO -- : 0:  ruby-ole (1.2.11.7) from /home/action/.rvm/gems/ruby-2.0.0-p195/specifications/ruby-ole-1.2.11.7.gemspec
I, [2014-02-14T06:20:45.024674 #25295]  INFO -- : 0:  spreadsheet (0.9.7) from /home/action/.rvm/gems/ruby-2.0.0-p195/specifications/spreadsheet-0.9.7.gemspec
I, [2014-02-14T06:20:45.025072 #25295]  INFO -- : 0:  roo (1.13.2) from /home/action/.rvm/gems/ruby-2.0.0-p195/specifications/roo-1.13.2.gemspec
I, [2014-02-14T06:20:45.025444 #25295]  INFO -- : 0:  tilt (1.4.1) from /home/action/.rvm/gems/ruby-2.0.0-p195/specifications/tilt-1.4.1.gemspec
I, [2014-02-14T06:20:45.025872 #25295]  INFO -- : 0:  sinatra (1.4.4) from /home/action/.rvm/gems/ruby-2.0.0-p195/specifications/sinatra-1.4.4.gemspec
I, [2014-02-14T06:20:45.026287 #25295]  INFO -- : 0:  yajl-ruby (1.2.0) from /home/action/.rvm/gems/ruby-2.0.0-p195/specifications/yajl-ruby-1.2.0.gemspec
I, [2014-02-14T06:20:45.026638 #25295]  INFO -- : 0:  bundler (1.5.1) from /home/action/.rvm/gems/ruby-2.0.0-p195/specifications/bundler-1.5.1.gemspec
I, [2014-02-15T12:47:34.806777 #27291]  INFO -- : 0:  i18n (0.6.9) from /home/action/.rvm/gems/ruby-2.0.0-p195/specifications/i18n-0.6.9.gemspec
I, [2014-02-15T12:47:34.807377 #27291]  INFO -- : 0:  multi_json (1.8.4) from /home/action/.rvm/gems/ruby-2.0.0-p195/specifications/multi_json-1.8.4.gemspec
I, [2014-02-15T12:47:34.808869 #27291]  INFO -- : 0:  activesupport (3.2.16) from /home/action/.rvm/gems/ruby-2.0.0-p195/specifications/activesupport-3.2.16.gemspec
I, [2014-02-15T12:47:34.809288 #27291]  INFO -- : 0:  builder (3.0.4) from /home/action/.rvm/gems/ruby-2.0.0-p195/specifications/builder-3.0.4.gemspec
I, [2014-02-15T12:47:34.809726 #27291]  INFO -- : 0:  activemodel (3.2.16) from /home/action/.rvm/gems/ruby-2.0.0-p195/specifications/activemodel-3.2.16.gemspec
I, [2014-02-15T12:47:34.810146 #27291]  INFO -- : 0:  daemons (1.1.9) from /home/action/.rvm/gems/ruby-2.0.0-p195/specifications/daemons-1.1.9.gemspec
I, [2014-02-15T12:47:34.810585 #27291]  INFO -- : 0:  eventmachine (1.0.3) from /home/action/.rvm/gems/ruby-2.0.0-p195/specifications/eventmachine-1.0.3.gemspec
I, [2014-02-15T12:47:34.810979 #27291]  INFO -- : 0:  multipart-post (2.0.0) from /home/action/.rvm/gems/ruby-2.0.0-p195/specifications/multipart-post-2.0.0.gemspec
I, [2014-02-15T12:47:34.811378 #27291]  INFO -- : 0:  faraday (0.9.0) from /home/action/.rvm/gems/ruby-2.0.0-p195/specifications/faraday-0.9.0.gemspec
I, [2014-02-15T12:47:34.811768 #27291]  INFO -- : 0:  mini_portile (0.5.2) from /home/action/.rvm/gems/ruby-2.0.0-p195/specifications/mini_portile-0.5.2.gemspec
I, [2014-02-15T12:47:34.812159 #27291]  INFO -- : 0:  nokogiri (1.6.1) from /home/action/.rvm/gems/ruby-2.0.0-p195/specifications/nokogiri-1.6.1.gemspec
I, [2014-02-15T12:47:34.812547 #27291]  INFO -- : 0:  oauth (0.4.7) from /home/action/.rvm/gems/ruby-2.0.0-p195/specifications/oauth-0.4.7.gemspec
I, [2014-02-15T12:47:34.812933 #27291]  INFO -- : 0:  jwt (0.1.11) from /home/action/.rvm/gems/ruby-2.0.0-p195/specifications/jwt-0.1.11.gemspec
I, [2014-02-15T12:47:34.813313 #27291]  INFO -- : 0:  multi_xml (0.5.5) from /home/action/.rvm/gems/ruby-2.0.0-p195/specifications/multi_xml-0.5.5.gemspec
I, [2014-02-15T12:47:34.813687 #27291]  INFO -- : 0:  rack (1.5.2) from /home/action/.rvm/gems/ruby-2.0.0-p195/specifications/rack-1.5.2.gemspec
I, [2014-02-15T12:47:34.814053 #27291]  INFO -- : 0:  oauth2 (0.9.3) from /home/action/.rvm/gems/ruby-2.0.0-p195/specifications/oauth2-0.9.3.gemspec
I, [2014-02-15T12:47:36.100814 #27291]  INFO -- : 0:  google_drive (0.3.7) from /home/action/.rvm/gems/ruby-2.0.0-p195/specifications/google_drive-0.3.7.gemspec
I, [2014-02-15T12:47:36.101412 #27291]  INFO -- : 0:  moped (1.5.2) from /home/action/.rvm/gems/ruby-2.0.0-p195/specifications/moped-1.5.2.gemspec
I, [2014-02-15T12:47:36.101834 #27291]  INFO -- : 0:  origin (1.1.0) from /home/action/.rvm/gems/ruby-2.0.0-p195/specifications/origin-1.1.0.gemspec
I, [2014-02-15T12:47:36.102240 #27291]  INFO -- : 0:  tzinfo (0.3.38) from /home/action/.rvm/gems/ruby-2.0.0-p195/specifications/tzinfo-0.3.38.gemspec
I, [2014-02-15T12:47:36.102621 #27291]  INFO -- : 0:  mongoid (3.1.6) from /home/action/.rvm/gems/ruby-2.0.0-p195/specifications/mongoid-3.1.6.gemspec
I, [2014-02-15T12:47:36.102990 #27291]  INFO -- : 0:  rack-protection (1.5.2) from /home/action/.rvm/gems/ruby-2.0.0-p195/specifications/rack-protection-1.5.2.gemspec
I, [2014-02-15T12:47:36.103361 #27291]  INFO -- : 0:  rubyzip (1.1.0) from /home/action/.rvm/gems/ruby-2.0.0-p195/specifications/rubyzip-1.1.0.gemspec
I, [2014-02-15T12:47:36.103730 #27291]  INFO -- : 0:  ruby-ole (1.2.11.7) from /home/action/.rvm/gems/ruby-2.0.0-p195/specifications/ruby-ole-1.2.11.7.gemspec
I, [2014-02-15T12:47:36.104098 #27291]  INFO -- : 0:  spreadsheet (0.9.7) from /home/action/.rvm/gems/ruby-2.0.0-p195/specifications/spreadsheet-0.9.7.gemspec
I, [2014-02-15T12:47:36.104463 #27291]  INFO -- : 0:  roo (1.13.2) from /home/action/.rvm/gems/ruby-2.0.0-p195/specifications/roo-1.13.2.gemspec
I, [2014-02-15T12:47:36.104854 #27291]  INFO -- : 0:  tilt (1.4.1) from /home/action/.rvm/gems/ruby-2.0.0-p195/specifications/tilt-1.4.1.gemspec
I, [2014-02-15T12:47:36.105214 #27291]  INFO -- : 0:  sinatra (1.4.4) from /home/action/.rvm/gems/ruby-2.0.0-p195/specifications/sinatra-1.4.4.gemspec
I, [2014-02-15T12:47:36.105571 #27291]  INFO -- : 0:  thin (1.6.1) from /home/action/.rvm/gems/ruby-2.0.0-p195/specifications/thin-1.6.1.gemspec
I, [2014-02-15T12:47:36.105931 #27291]  INFO -- : 0:  yajl-ruby (1.2.0) from /home/action/.rvm/gems/ruby-2.0.0-p195/specifications/yajl-ruby-1.2.0.gemspec
I, [2014-02-15T12:47:36.106294 #27291]  INFO -- : 0:  bundler (1.5.1) from /home/action/.rvm/gems/ruby-2.0.0-p195/specifications/bundler-1.5.1.gemspec
